Hmm ... looks like a package

This is pdfTeX, Version 3.141592653-2.6-1.40.24 (TeX Live 2022) (preloaded format=pdflatex)
 restricted \write18 enabled.
entering extended mode
LaTeX2e <2022-06-01> patch level 5
L3 programming layer <2022-08-30>
(./Rd2.tex
(/Users/derekmeyer37/Library/TinyTeX/texmf-dist/tex/latex/base/book.cls
Document Class: book 2021/10/04 v1.4n Standard LaTeX document class
(/Users/derekmeyer37/Library/TinyTeX/texmf-dist/tex/latex/base/bk10.clo)) (/Library/Frameworks/R.framework/Resources/share/texmf/tex/latex/Rd.sty (/Users/derekmeyer37/Library/TinyTeX/texmf-dist/tex/latex/base/ifthen.sty) (/Users/derekmeyer37/Library/TinyTeX/texmf-dist/tex/latex/tools/longtable.sty) (/Users/derekmeyer37/Library/TinyTeX/texmf-dist/tex/latex/tools/bm.sty) (/Users/derekmeyer37/Library/TinyTeX/texmf-dist/tex/latex/base/alltt.sty) (/Users/derekmeyer37/Library/TinyTeX/texmf-dist/tex/latex/tools/verbatim.sty) (/Users/derekmeyer37/Library/TinyTeX/texmf-dist/tex/latex/url/url.sty) (/Users/derekmeyer37/Library/TinyTeX/texmf-dist/tex/latex/base/textcomp.sty) (/Users/derekmeyer37/Library/TinyTeX/texmf-dist/tex/latex/base/fontenc.sty) (/Users/derekmeyer37/Library/TinyTeX/texmf-dist/tex/latex/psnfss/times.sty) (/Users/derekmeyer37/Library/TinyTeX/texmf-dist/tex/latex/inconsolata/zi4.sty `inconsolata-zi4' v1.12, 2019/05/17 Text macros for Inconsolata (msharpe) (/Users/derekmeyer37/Library/TinyTeX/texmf-dist/tex/latex/xkeyval/xkeyval.sty (/Users/derekmeyer37/Library/TinyTeX/texmf-dist/tex/generic/xkeyval/xkeyval.tex (/Users/derekmeyer37/Library/TinyTeX/texmf-dist/tex/generic/xkeyval/xkvutils.tex (/Users/derekmeyer37/Library/TinyTeX/texmf-dist/tex/generic/xkeyval/keyval.tex))))) (/Users/derekmeyer37/Library/TinyTeX/texmf-dist/tex/latex/graphics/color.sty (/Users/derekmeyer37/Library/TinyTeX/texmf-dist/tex/latex/graphics-cfg/color.cfg) (/Users/derekmeyer37/Library/TinyTeX/texmf-dist/tex/latex/graphics-def/pdftex.def) (/Users/derekmeyer37/Library/TinyTeX/texmf-dist/tex/latex/graphics/mathcolor.ltx)) (/Users/derekmeyer37/Library/TinyTeX/texmf-dist/tex/latex/hyperref/hyperref.sty (/Users/derekmeyer37/Library/TinyTeX/texmf-dist/tex/generic/ltxcmds/ltxcmds.sty) (/Users/derekmeyer37/Library/TinyTeX/texmf-dist/tex/generic/iftex/iftex.sty) (/Users/derekmeyer37/Library/TinyTeX/texmf-dist/tex/generic/pdftexcmds/pdftexcmds.sty (/Users/derekmeyer37/Library/TinyTeX/texmf-dist/tex/generic/infwarerr/infwarerr.sty)) (/Users/derekmeyer37/Library/TinyTeX/texmf-dist/tex/generic/kvsetkeys/kvsetkeys.sty) (/Users/derekmeyer37/Library/TinyTeX/texmf-dist/tex/generic/kvdefinekeys/kvdefinekeys.sty) (/Users/derekmeyer37/Library/TinyTeX/texmf-dist/tex/generic/pdfescape/pdfescape.sty) (/Users/derekmeyer37/Library/TinyTeX/texmf-dist/tex/latex/hycolor/hycolor.sty) (/Users/derekmeyer37/Library/TinyTeX/texmf-dist/tex/latex/letltxmacro/letltxmacro.sty) (/Users/derekmeyer37/Library/TinyTeX/texmf-dist/tex/latex/auxhook/auxhook.sty) (/Users/derekmeyer37/Library/TinyTeX/texmf-dist/tex/latex/hyperref/nameref.sty (/Users/derekmeyer37/Library/TinyTeX/texmf-dist/tex/latex/refcount/refcount.sty) (/Users/derekmeyer37/Library/TinyTeX/texmf-dist/tex/generic/gettitlestring/gettitlestring.sty (/Users/derekmeyer37/Library/TinyTeX/texmf-dist/tex/latex/kvoptions/kvoptions.sty))) (/Users/derekmeyer37/Library/TinyTeX/texmf-dist/tex/latex/hyperref/pd1enc.def) (/Users/derekmeyer37/Library/TinyTeX/texmf-dist/tex/generic/intcalc/intcalc.sty) (/Users/derekmeyer37/Library/TinyTeX/texmf-dist/tex/generic/etexcmds/etexcmds.sty) (/Users/derekmeyer37/Library/TinyTeX/texmf-dist/tex/latex/hyperref/puenc.def) (/Users/derekmeyer37/Library/TinyTeX/texmf-dist/tex/generic/bitset/bitset.sty (/Users/derekmeyer37/Library/TinyTeX/texmf-dist/tex/generic/bigintcalc/bigintcalc.sty)) (/Users/derekmeyer37/Library/TinyTeX/texmf-dist/tex/latex/base/atbegshi-ltx.sty)) (/Users/derekmeyer37/Library/TinyTeX/texmf-dist/tex/latex/hyperref/hpdftex.def (/Users/derekmeyer37/Library/TinyTeX/texmf-dist/tex/latex/base/atveryend-ltx.sty) (/Users/derekmeyer37/Library/TinyTeX/texmf-dist/tex/latex/rerunfilecheck/rerunfilecheck.sty (/Users/derekmeyer37/Library/TinyTeX/texmf-dist/tex/generic/uniquecounter/uniquecounter.sty)))

Package hyperref Warning: Option `hyperindex' has already been used,
(hyperref)                setting the option has no effect on input line 377.


Package hyperref Warning: Option `pagebackref' has already been used,
(hyperref)                setting the option has no effect on input line 377.

) (/Users/derekmeyer37/Library/TinyTeX/texmf-dist/tex/latex/base/makeidx.sty) (/Users/derekmeyer37/Library/TinyTeX/texmf-dist/tex/latex/base/inputenc.sty)
Writing index file Rd2.idx
(/Users/derekmeyer37/Library/TinyTeX/texmf-dist/tex/latex/psnfss/t1ptm.fd) (/Users/derekmeyer37/Library/TinyTeX/texmf-dist/tex/latex/l3backend/l3backend-pdftex.def)
No file Rd2.aux.
(/Users/derekmeyer37/Library/TinyTeX/texmf-dist/tex/latex/inconsolata/t1zi4.fd) (/Users/derekmeyer37/Library/TinyTeX/texmf-dist/tex/latex/psnfss/t1phv.fd)
No file Rd2.toc.
(/Users/derekmeyer37/Library/TinyTeX/texmf-dist/tex/latex/psnfss/ts1ptm.fd) [1{/Users/derekmeyer37/Library/TinyTeX/texmf-var/fonts/map/pdftex/updmap/pdftex.map}] [2] (/Users/derekmeyer37/Library/TinyTeX/texmf-dist/tex/latex/inconsolata/ts1zi4.fd) [3]
Overfull \hbox (32.63026pt too wide) in paragraph at lines 269--276
[]\T1/ptm/m/n/10 Other Mod-els: [][]\T1/zi4/m/n/10 ModelSEIR[][][]()\T1/ptm/m/n/10 , [][]\T1/zi4/m/n/10 ModelSIRCONN[][][]()\T1/ptm/m/n/10 , [][]\T1/zi4/m/n/10 ModelSIR[][][]()\T1/ptm/m/n/10 , [][]\T1/zi4/m/n/10 ModelSIS[][][]()\T1/ptm/m/n/10 , [][]\T1/zi4/m/n/10 ModelSURV[][][]()\T1/ptm/m/n/10 , [][]\T1/zi4/m/n/10 epiworld-data[][][] 
[4] [5]
Overfull \hbox (37.63026pt too wide) in paragraph at lines 382--389
[]\T1/ptm/m/n/10 Other Mod-els: [][]\T1/zi4/m/n/10 ModelSEIRCONN[][][]()\T1/ptm/m/n/10 , [][]\T1/zi4/m/n/10 ModelSEIR[][][]()\T1/ptm/m/n/10 , [][]\T1/zi4/m/n/10 ModelSIR[][][]()\T1/ptm/m/n/10 , [][]\T1/zi4/m/n/10 ModelSIS[][][]()\T1/ptm/m/n/10 , [][]\T1/zi4/m/n/10 ModelSURV[][][]()\T1/ptm/m/n/10 , [][]\T1/zi4/m/n/10 epiworld-data[][][] 
[6] [7]
No file Rd2.ind.
[8] (/private/var/folders/ql/r1gpcg4n7h7ctc3b9vvsrvbc0000gn/T/RtmpEel4Ff/Rd2pdf12db55ade0331/Rd2.aux)

Package rerunfilecheck Warning: File `Rd2.out' has changed.
(rerunfilecheck)                Rerun to get outlines right
(rerunfilecheck)                or use package `bookmark'.

 )
(see the transcript file for additional information){/Users/derekmeyer37/Library/TinyTeX/texmf-dist/fonts/enc/dvips/inconsolata/i4-ts1.enc}{/Users/derekmeyer37/Library/TinyTeX/texmf-dist/fonts/enc/dvips/base/8r.enc}{/Users/derekmeyer37/Library/TinyTeX/texmf-dist/fonts/enc/dvips/inconsolata/i4-t1-0.enc}</Users/derekmeyer37/Library/TinyTeX/texmf-dist/fonts/type1/public/inconsolata/Inconsolata-zi4r.pfb></Users/derekmeyer37/Library/TinyTeX/texmf-dist/fonts/type1/urw/helvetic/uhvr8a.pfb></Users/derekmeyer37/Library/TinyTeX/texmf-dist/fonts/type1/urw/times/utmb8a.pfb></Users/derekmeyer37/Library/TinyTeX/texmf-dist/fonts/type1/urw/times/utmr8a.pfb></Users/derekmeyer37/Library/TinyTeX/texmf-dist/fonts/type1/urw/times/utmr8a.pfb></Users/derekmeyer37/Library/TinyTeX/texmf-dist/fonts/type1/urw/times/utmri8a.pfb>
Output written on Rd2.pdf (8 pages, 90891 bytes).
Transcript written on Rd2.log.
This is pdfTeX, Version 3.141592653-2.6-1.40.24 (TeX Live 2022) (preloaded format=pdflatex)
 restricted \write18 enabled.
entering extended mode
LaTeX2e <2022-06-01> patch level 5
L3 programming layer <2022-08-30>
(./Rd2.tex
(/Users/derekmeyer37/Library/TinyTeX/texmf-dist/tex/latex/base/book.cls
Document Class: book 2021/10/04 v1.4n Standard LaTeX document class
(/Users/derekmeyer37/Library/TinyTeX/texmf-dist/tex/latex/base/bk10.clo)) (/Library/Frameworks/R.framework/Resources/share/texmf/tex/latex/Rd.sty (/Users/derekmeyer37/Library/TinyTeX/texmf-dist/tex/latex/base/ifthen.sty) (/Users/derekmeyer37/Library/TinyTeX/texmf-dist/tex/latex/tools/longtable.sty) (/Users/derekmeyer37/Library/TinyTeX/texmf-dist/tex/latex/tools/bm.sty) (/Users/derekmeyer37/Library/TinyTeX/texmf-dist/tex/latex/base/alltt.sty) (/Users/derekmeyer37/Library/TinyTeX/texmf-dist/tex/latex/tools/verbatim.sty) (/Users/derekmeyer37/Library/TinyTeX/texmf-dist/tex/latex/url/url.sty) (/Users/derekmeyer37/Library/TinyTeX/texmf-dist/tex/latex/base/textcomp.sty) (/Users/derekmeyer37/Library/TinyTeX/texmf-dist/tex/latex/base/fontenc.sty) (/Users/derekmeyer37/Library/TinyTeX/texmf-dist/tex/latex/psnfss/times.sty) (/Users/derekmeyer37/Library/TinyTeX/texmf-dist/tex/latex/inconsolata/zi4.sty `inconsolata-zi4' v1.12, 2019/05/17 Text macros for Inconsolata (msharpe) (/Users/derekmeyer37/Library/TinyTeX/texmf-dist/tex/latex/xkeyval/xkeyval.sty (/Users/derekmeyer37/Library/TinyTeX/texmf-dist/tex/generic/xkeyval/xkeyval.tex (/Users/derekmeyer37/Library/TinyTeX/texmf-dist/tex/generic/xkeyval/xkvutils.tex (/Users/derekmeyer37/Library/TinyTeX/texmf-dist/tex/generic/xkeyval/keyval.tex))))) (/Users/derekmeyer37/Library/TinyTeX/texmf-dist/tex/latex/graphics/color.sty (/Users/derekmeyer37/Library/TinyTeX/texmf-dist/tex/latex/graphics-cfg/color.cfg) (/Users/derekmeyer37/Library/TinyTeX/texmf-dist/tex/latex/graphics-def/pdftex.def) (/Users/derekmeyer37/Library/TinyTeX/texmf-dist/tex/latex/graphics/mathcolor.ltx)) (/Users/derekmeyer37/Library/TinyTeX/texmf-dist/tex/latex/hyperref/hyperref.sty (/Users/derekmeyer37/Library/TinyTeX/texmf-dist/tex/generic/ltxcmds/ltxcmds.sty) (/Users/derekmeyer37/Library/TinyTeX/texmf-dist/tex/generic/iftex/iftex.sty) (/Users/derekmeyer37/Library/TinyTeX/texmf-dist/tex/generic/pdftexcmds/pdftexcmds.sty (/Users/derekmeyer37/Library/TinyTeX/texmf-dist/tex/generic/infwarerr/infwarerr.sty)) (/Users/derekmeyer37/Library/TinyTeX/texmf-dist/tex/generic/kvsetkeys/kvsetkeys.sty) (/Users/derekmeyer37/Library/TinyTeX/texmf-dist/tex/generic/kvdefinekeys/kvdefinekeys.sty) (/Users/derekmeyer37/Library/TinyTeX/texmf-dist/tex/generic/pdfescape/pdfescape.sty) (/Users/derekmeyer37/Library/TinyTeX/texmf-dist/tex/latex/hycolor/hycolor.sty) (/Users/derekmeyer37/Library/TinyTeX/texmf-dist/tex/latex/letltxmacro/letltxmacro.sty) (/Users/derekmeyer37/Library/TinyTeX/texmf-dist/tex/latex/auxhook/auxhook.sty) (/Users/derekmeyer37/Library/TinyTeX/texmf-dist/tex/latex/hyperref/nameref.sty (/Users/derekmeyer37/Library/TinyTeX/texmf-dist/tex/latex/refcount/refcount.sty) (/Users/derekmeyer37/Library/TinyTeX/texmf-dist/tex/generic/gettitlestring/gettitlestring.sty (/Users/derekmeyer37/Library/TinyTeX/texmf-dist/tex/latex/kvoptions/kvoptions.sty))) (/Users/derekmeyer37/Library/TinyTeX/texmf-dist/tex/latex/hyperref/pd1enc.def) (/Users/derekmeyer37/Library/TinyTeX/texmf-dist/tex/generic/intcalc/intcalc.sty) (/Users/derekmeyer37/Library/TinyTeX/texmf-dist/tex/generic/etexcmds/etexcmds.sty) (/Users/derekmeyer37/Library/TinyTeX/texmf-dist/tex/latex/hyperref/puenc.def) (/Users/derekmeyer37/Library/TinyTeX/texmf-dist/tex/generic/bitset/bitset.sty (/Users/derekmeyer37/Library/TinyTeX/texmf-dist/tex/generic/bigintcalc/bigintcalc.sty)) (/Users/derekmeyer37/Library/TinyTeX/texmf-dist/tex/latex/base/atbegshi-ltx.sty)) (/Users/derekmeyer37/Library/TinyTeX/texmf-dist/tex/latex/hyperref/hpdftex.def (/Users/derekmeyer37/Library/TinyTeX/texmf-dist/tex/latex/base/atveryend-ltx.sty) (/Users/derekmeyer37/Library/TinyTeX/texmf-dist/tex/latex/rerunfilecheck/rerunfilecheck.sty (/Users/derekmeyer37/Library/TinyTeX/texmf-dist/tex/generic/uniquecounter/uniquecounter.sty)))

Package hyperref Warning: Option `hyperindex' has already been used,
(hyperref)                setting the option has no effect on input line 377.


Package hyperref Warning: Option `pagebackref' has already been used,
(hyperref)                setting the option has no effect on input line 377.

) (/Users/derekmeyer37/Library/TinyTeX/texmf-dist/tex/latex/base/makeidx.sty) (/Users/derekmeyer37/Library/TinyTeX/texmf-dist/tex/latex/base/inputenc.sty)
Writing index file Rd2.idx
(/Users/derekmeyer37/Library/TinyTeX/texmf-dist/tex/latex/psnfss/t1ptm.fd) (/Users/derekmeyer37/Library/TinyTeX/texmf-dist/tex/latex/l3backend/l3backend-pdftex.def) (/private/var/folders/ql/r1gpcg4n7h7ctc3b9vvsrvbc0000gn/T/RtmpEel4Ff/Rd2pdf12db55ade0331/Rd2.aux) (/private/var/folders/ql/r1gpcg4n7h7ctc3b9vvsrvbc0000gn/T/RtmpEel4Ff/Rd2pdf12db55ade0331/Rd2.out) (/private/var/folders/ql/r1gpcg4n7h7ctc3b9vvsrvbc0000gn/T/RtmpEel4Ff/Rd2pdf12db55ade0331/Rd2.out) (/Users/derekmeyer37/Library/TinyTeX/texmf-dist/tex/latex/inconsolata/t1zi4.fd) (/Users/derekmeyer37/Library/TinyTeX/texmf-dist/tex/latex/psnfss/t1phv.fd) (/private/var/folders/ql/r1gpcg4n7h7ctc3b9vvsrvbc0000gn/T/RtmpEel4Ff/Rd2pdf12db55ade0331/Rd2.toc) [1{/Users/derekmeyer37/Library/TinyTeX/texmf-var/fonts/map/pdftex/updmap/pdftex.map}] (/Users/derekmeyer37/Library/TinyTeX/texmf-dist/tex/latex/psnfss/ts1ptm.fd) [2] (/Users/derekmeyer37/Library/TinyTeX/texmf-dist/tex/latex/inconsolata/ts1zi4.fd) [3] [4]
Overfull \hbox (32.63026pt too wide) in paragraph at lines 269--276
[]\T1/ptm/m/n/10 Other Mod-els: [][]\T1/zi4/m/n/10 ModelSEIR[][][]()\T1/ptm/m/n/10 , [][]\T1/zi4/m/n/10 ModelSIRCONN[][][]()\T1/ptm/m/n/10 , [][]\T1/zi4/m/n/10 ModelSIR[][][]()\T1/ptm/m/n/10 , [][]\T1/zi4/m/n/10 ModelSIS[][][]()\T1/ptm/m/n/10 , [][]\T1/zi4/m/n/10 ModelSURV[][][]()\T1/ptm/m/n/10 , [][]\T1/zi4/m/n/10 epiworld-data[][][] 
[5]
Overfull \hbox (37.63026pt too wide) in paragraph at lines 382--389
[]\T1/ptm/m/n/10 Other Mod-els: [][]\T1/zi4/m/n/10 ModelSEIRCONN[][][]()\T1/ptm/m/n/10 , [][]\T1/zi4/m/n/10 ModelSEIR[][][]()\T1/ptm/m/n/10 , [][]\T1/zi4/m/n/10 ModelSIR[][][]()\T1/ptm/m/n/10 , [][]\T1/zi4/m/n/10 ModelSIS[][][]()\T1/ptm/m/n/10 , [][]\T1/zi4/m/n/10 ModelSURV[][][]()\T1/ptm/m/n/10 , [][]\T1/zi4/m/n/10 epiworld-data[][][] 
[6] [7] [8]
No file Rd2.ind.
[9] (/private/var/folders/ql/r1gpcg4n7h7ctc3b9vvsrvbc0000gn/T/RtmpEel4Ff/Rd2pdf12db55ade0331/Rd2.aux) )
(see the transcript file for additional information){/Users/derekmeyer37/Library/TinyTeX/texmf-dist/fonts/enc/dvips/inconsolata/i4-ts1.enc}{/Users/derekmeyer37/Library/TinyTeX/texmf-dist/fonts/enc/dvips/base/8r.enc}{/Users/derekmeyer37/Library/TinyTeX/texmf-dist/fonts/enc/dvips/inconsolata/i4-t1-0.enc}</Users/derekmeyer37/Library/TinyTeX/texmf-dist/fonts/type1/public/inconsolata/Inconsolata-zi4r.pfb></Users/derekmeyer37/Library/TinyTeX/texmf-dist/fonts/type1/urw/helvetic/uhvr8a.pfb></Users/derekmeyer37/Library/TinyTeX/texmf-dist/fonts/type1/urw/times/utmb8a.pfb></Users/derekmeyer37/Library/TinyTeX/texmf-dist/fonts/type1/urw/times/utmr8a.pfb></Users/derekmeyer37/Library/TinyTeX/texmf-dist/fonts/type1/urw/times/utmr8a.pfb></Users/derekmeyer37/Library/TinyTeX/texmf-dist/fonts/type1/urw/times/utmri8a.pfb>
Output written on Rd2.pdf (9 pages, 92319 bytes).
Transcript written on Rd2.log.
This is makeindex, version 2.16 [TeX Live 2022] (kpathsea + Thai support).
Scanning input file Rd2.idx....done (93 entries accepted, 6 rejected).
Sorting entries....done (624 comparisons).
Generating output file Rd2.ind....done (139 lines written, 4 warnings).
Output written in Rd2.ind.
Transcript written in Rd2.ilg.
This is pdfTeX, Version 3.141592653-2.6-1.40.24 (TeX Live 2022) (preloaded format=pdflatex)
 restricted \write18 enabled.
entering extended mode
LaTeX2e <2022-06-01> patch level 5
L3 programming layer <2022-08-30>
(./Rd2.tex
(/Users/derekmeyer37/Library/TinyTeX/texmf-dist/tex/latex/base/book.cls
Document Class: book 2021/10/04 v1.4n Standard LaTeX document class
(/Users/derekmeyer37/Library/TinyTeX/texmf-dist/tex/latex/base/bk10.clo)) (/Library/Frameworks/R.framework/Resources/share/texmf/tex/latex/Rd.sty (/Users/derekmeyer37/Library/TinyTeX/texmf-dist/tex/latex/base/ifthen.sty) (/Users/derekmeyer37/Library/TinyTeX/texmf-dist/tex/latex/tools/longtable.sty) (/Users/derekmeyer37/Library/TinyTeX/texmf-dist/tex/latex/tools/bm.sty) (/Users/derekmeyer37/Library/TinyTeX/texmf-dist/tex/latex/base/alltt.sty) (/Users/derekmeyer37/Library/TinyTeX/texmf-dist/tex/latex/tools/verbatim.sty) (/Users/derekmeyer37/Library/TinyTeX/texmf-dist/tex/latex/url/url.sty) (/Users/derekmeyer37/Library/TinyTeX/texmf-dist/tex/latex/base/textcomp.sty) (/Users/derekmeyer37/Library/TinyTeX/texmf-dist/tex/latex/base/fontenc.sty) (/Users/derekmeyer37/Library/TinyTeX/texmf-dist/tex/latex/psnfss/times.sty) (/Users/derekmeyer37/Library/TinyTeX/texmf-dist/tex/latex/inconsolata/zi4.sty `inconsolata-zi4' v1.12, 2019/05/17 Text macros for Inconsolata (msharpe) (/Users/derekmeyer37/Library/TinyTeX/texmf-dist/tex/latex/xkeyval/xkeyval.sty (/Users/derekmeyer37/Library/TinyTeX/texmf-dist/tex/generic/xkeyval/xkeyval.tex (/Users/derekmeyer37/Library/TinyTeX/texmf-dist/tex/generic/xkeyval/xkvutils.tex (/Users/derekmeyer37/Library/TinyTeX/texmf-dist/tex/generic/xkeyval/keyval.tex))))) (/Users/derekmeyer37/Library/TinyTeX/texmf-dist/tex/latex/graphics/color.sty (/Users/derekmeyer37/Library/TinyTeX/texmf-dist/tex/latex/graphics-cfg/color.cfg) (/Users/derekmeyer37/Library/TinyTeX/texmf-dist/tex/latex/graphics-def/pdftex.def) (/Users/derekmeyer37/Library/TinyTeX/texmf-dist/tex/latex/graphics/mathcolor.ltx)) (/Users/derekmeyer37/Library/TinyTeX/texmf-dist/tex/latex/hyperref/hyperref.sty (/Users/derekmeyer37/Library/TinyTeX/texmf-dist/tex/generic/ltxcmds/ltxcmds.sty) (/Users/derekmeyer37/Library/TinyTeX/texmf-dist/tex/generic/iftex/iftex.sty) (/Users/derekmeyer37/Library/TinyTeX/texmf-dist/tex/generic/pdftexcmds/pdftexcmds.sty (/Users/derekmeyer37/Library/TinyTeX/texmf-dist/tex/generic/infwarerr/infwarerr.sty)) (/Users/derekmeyer37/Library/TinyTeX/texmf-dist/tex/generic/kvsetkeys/kvsetkeys.sty) (/Users/derekmeyer37/Library/TinyTeX/texmf-dist/tex/generic/kvdefinekeys/kvdefinekeys.sty) (/Users/derekmeyer37/Library/TinyTeX/texmf-dist/tex/generic/pdfescape/pdfescape.sty) (/Users/derekmeyer37/Library/TinyTeX/texmf-dist/tex/latex/hycolor/hycolor.sty) (/Users/derekmeyer37/Library/TinyTeX/texmf-dist/tex/latex/letltxmacro/letltxmacro.sty) (/Users/derekmeyer37/Library/TinyTeX/texmf-dist/tex/latex/auxhook/auxhook.sty) (/Users/derekmeyer37/Library/TinyTeX/texmf-dist/tex/latex/hyperref/nameref.sty (/Users/derekmeyer37/Library/TinyTeX/texmf-dist/tex/latex/refcount/refcount.sty) (/Users/derekmeyer37/Library/TinyTeX/texmf-dist/tex/generic/gettitlestring/gettitlestring.sty (/Users/derekmeyer37/Library/TinyTeX/texmf-dist/tex/latex/kvoptions/kvoptions.sty))) (/Users/derekmeyer37/Library/TinyTeX/texmf-dist/tex/latex/hyperref/pd1enc.def) (/Users/derekmeyer37/Library/TinyTeX/texmf-dist/tex/generic/intcalc/intcalc.sty) (/Users/derekmeyer37/Library/TinyTeX/texmf-dist/tex/generic/etexcmds/etexcmds.sty) (/Users/derekmeyer37/Library/TinyTeX/texmf-dist/tex/latex/hyperref/puenc.def) (/Users/derekmeyer37/Library/TinyTeX/texmf-dist/tex/generic/bitset/bitset.sty (/Users/derekmeyer37/Library/TinyTeX/texmf-dist/tex/generic/bigintcalc/bigintcalc.sty)) (/Users/derekmeyer37/Library/TinyTeX/texmf-dist/tex/latex/base/atbegshi-ltx.sty)) (/Users/derekmeyer37/Library/TinyTeX/texmf-dist/tex/latex/hyperref/hpdftex.def (/Users/derekmeyer37/Library/TinyTeX/texmf-dist/tex/latex/base/atveryend-ltx.sty) (/Users/derekmeyer37/Library/TinyTeX/texmf-dist/tex/latex/rerunfilecheck/rerunfilecheck.sty (/Users/derekmeyer37/Library/TinyTeX/texmf-dist/tex/generic/uniquecounter/uniquecounter.sty)))

Package hyperref Warning: Option `hyperindex' has already been used,
(hyperref)                setting the option has no effect on input line 377.


Package hyperref Warning: Option `pagebackref' has already been used,
(hyperref)                setting the option has no effect on input line 377.

) (/Users/derekmeyer37/Library/TinyTeX/texmf-dist/tex/latex/base/makeidx.sty) (/Users/derekmeyer37/Library/TinyTeX/texmf-dist/tex/latex/base/inputenc.sty)
Writing index file Rd2.idx
(/Users/derekmeyer37/Library/TinyTeX/texmf-dist/tex/latex/psnfss/t1ptm.fd) (/Users/derekmeyer37/Library/TinyTeX/texmf-dist/tex/latex/l3backend/l3backend-pdftex.def) (/private/var/folders/ql/r1gpcg4n7h7ctc3b9vvsrvbc0000gn/T/RtmpEel4Ff/Rd2pdf12db55ade0331/Rd2.aux) (/private/var/folders/ql/r1gpcg4n7h7ctc3b9vvsrvbc0000gn/T/RtmpEel4Ff/Rd2pdf12db55ade0331/Rd2.out) (/private/var/folders/ql/r1gpcg4n7h7ctc3b9vvsrvbc0000gn/T/RtmpEel4Ff/Rd2pdf12db55ade0331/Rd2.out) (/Users/derekmeyer37/Library/TinyTeX/texmf-dist/tex/latex/inconsolata/t1zi4.fd) (/Users/derekmeyer37/Library/TinyTeX/texmf-dist/tex/latex/psnfss/t1phv.fd) (/private/var/folders/ql/r1gpcg4n7h7ctc3b9vvsrvbc0000gn/T/RtmpEel4Ff/Rd2pdf12db55ade0331/Rd2.toc) [1{/Users/derekmeyer37/Library/TinyTeX/texmf-var/fonts/map/pdftex/updmap/pdftex.map}] (/Users/derekmeyer37/Library/TinyTeX/texmf-dist/tex/latex/psnfss/ts1ptm.fd) [2] (/Users/derekmeyer37/Library/TinyTeX/texmf-dist/tex/latex/inconsolata/ts1zi4.fd) [3] [4]
Overfull \hbox (32.63026pt too wide) in paragraph at lines 269--276
[]\T1/ptm/m/n/10 Other Mod-els: [][]\T1/zi4/m/n/10 ModelSEIR[][][]()\T1/ptm/m/n/10 , [][]\T1/zi4/m/n/10 ModelSIRCONN[][][]()\T1/ptm/m/n/10 , [][]\T1/zi4/m/n/10 ModelSIR[][][]()\T1/ptm/m/n/10 , [][]\T1/zi4/m/n/10 ModelSIS[][][]()\T1/ptm/m/n/10 , [][]\T1/zi4/m/n/10 ModelSURV[][][]()\T1/ptm/m/n/10 , [][]\T1/zi4/m/n/10 epiworld-data[][][] 
[5]
Overfull \hbox (37.63026pt too wide) in paragraph at lines 382--389
[]\T1/ptm/m/n/10 Other Mod-els: [][]\T1/zi4/m/n/10 ModelSEIRCONN[][][]()\T1/ptm/m/n/10 , [][]\T1/zi4/m/n/10 ModelSEIR[][][]()\T1/ptm/m/n/10 , [][]\T1/zi4/m/n/10 ModelSIR[][][]()\T1/ptm/m/n/10 , [][]\T1/zi4/m/n/10 ModelSIS[][][]()\T1/ptm/m/n/10 , [][]\T1/zi4/m/n/10 ModelSURV[][][]()\T1/ptm/m/n/10 , [][]\T1/zi4/m/n/10 epiworld-data[][][] 
[6] [7] [8] (/private/var/folders/ql/r1gpcg4n7h7ctc3b9vvsrvbc0000gn/T/RtmpEel4Ff/Rd2pdf12db55ade0331/Rd2.ind [9]

LaTeX Font Warning: Font shape `T1/zi4/m/it' undefined
(Font)              using `T1/zi4/m/n' instead on input line 14.

[10]) (/private/var/folders/ql/r1gpcg4n7h7ctc3b9vvsrvbc0000gn/T/RtmpEel4Ff/Rd2pdf12db55ade0331/Rd2.aux)

LaTeX Font Warning: Some font shapes were not available, defaults substituted.


Package rerunfilecheck Warning: File `Rd2.out' has changed.
(rerunfilecheck)                Rerun to get outlines right
(rerunfilecheck)                or use package `bookmark'.

 )
(see the transcript file for additional information){/Users/derekmeyer37/Library/TinyTeX/texmf-dist/fonts/enc/dvips/inconsolata/i4-ts1.enc}{/Users/derekmeyer37/Library/TinyTeX/texmf-dist/fonts/enc/dvips/base/8r.enc}{/Users/derekmeyer37/Library/TinyTeX/texmf-dist/fonts/enc/dvips/inconsolata/i4-t1-0.enc}</Users/derekmeyer37/Library/TinyTeX/texmf-dist/fonts/type1/public/inconsolata/Inconsolata-zi4r.pfb></Users/derekmeyer37/Library/TinyTeX/texmf-dist/fonts/type1/public/amsfonts/cm/cmsy10.pfb></Users/derekmeyer37/Library/TinyTeX/texmf-dist/fonts/type1/urw/helvetic/uhvr8a.pfb></Users/derekmeyer37/Library/TinyTeX/texmf-dist/fonts/type1/urw/times/utmb8a.pfb></Users/derekmeyer37/Library/TinyTeX/texmf-dist/fonts/type1/urw/times/utmr8a.pfb></Users/derekmeyer37/Library/TinyTeX/texmf-dist/fonts/type1/urw/times/utmr8a.pfb></Users/derekmeyer37/Library/TinyTeX/texmf-dist/fonts/type1/urw/times/utmri8a.pfb>
Output written on Rd2.pdf (10 pages, 105701 bytes).
Transcript written on Rd2.log.
This is makeindex, version 2.16 [TeX Live 2022] (kpathsea + Thai support).
Scanning input file Rd2.idx....done (93 entries accepted, 6 rejected).
Sorting entries....done (624 comparisons).
Generating output file Rd2.ind....done (139 lines written, 4 warnings).
Output written in Rd2.ind.
Transcript written in Rd2.ilg.
This is pdfTeX, Version 3.141592653-2.6-1.40.24 (TeX Live 2022) (preloaded format=pdflatex)
 restricted \write18 enabled.
entering extended mode
LaTeX2e <2022-06-01> patch level 5
L3 programming layer <2022-08-30>
(./Rd2.tex
(/Users/derekmeyer37/Library/TinyTeX/texmf-dist/tex/latex/base/book.cls
Document Class: book 2021/10/04 v1.4n Standard LaTeX document class
(/Users/derekmeyer37/Library/TinyTeX/texmf-dist/tex/latex/base/bk10.clo)) (/Library/Frameworks/R.framework/Resources/share/texmf/tex/latex/Rd.sty (/Users/derekmeyer37/Library/TinyTeX/texmf-dist/tex/latex/base/ifthen.sty) (/Users/derekmeyer37/Library/TinyTeX/texmf-dist/tex/latex/tools/longtable.sty) (/Users/derekmeyer37/Library/TinyTeX/texmf-dist/tex/latex/tools/bm.sty) (/Users/derekmeyer37/Library/TinyTeX/texmf-dist/tex/latex/base/alltt.sty) (/Users/derekmeyer37/Library/TinyTeX/texmf-dist/tex/latex/tools/verbatim.sty) (/Users/derekmeyer37/Library/TinyTeX/texmf-dist/tex/latex/url/url.sty) (/Users/derekmeyer37/Library/TinyTeX/texmf-dist/tex/latex/base/textcomp.sty) (/Users/derekmeyer37/Library/TinyTeX/texmf-dist/tex/latex/base/fontenc.sty) (/Users/derekmeyer37/Library/TinyTeX/texmf-dist/tex/latex/psnfss/times.sty) (/Users/derekmeyer37/Library/TinyTeX/texmf-dist/tex/latex/inconsolata/zi4.sty `inconsolata-zi4' v1.12, 2019/05/17 Text macros for Inconsolata (msharpe) (/Users/derekmeyer37/Library/TinyTeX/texmf-dist/tex/latex/xkeyval/xkeyval.sty (/Users/derekmeyer37/Library/TinyTeX/texmf-dist/tex/generic/xkeyval/xkeyval.tex (/Users/derekmeyer37/Library/TinyTeX/texmf-dist/tex/generic/xkeyval/xkvutils.tex (/Users/derekmeyer37/Library/TinyTeX/texmf-dist/tex/generic/xkeyval/keyval.tex))))) (/Users/derekmeyer37/Library/TinyTeX/texmf-dist/tex/latex/graphics/color.sty (/Users/derekmeyer37/Library/TinyTeX/texmf-dist/tex/latex/graphics-cfg/color.cfg) (/Users/derekmeyer37/Library/TinyTeX/texmf-dist/tex/latex/graphics-def/pdftex.def) (/Users/derekmeyer37/Library/TinyTeX/texmf-dist/tex/latex/graphics/mathcolor.ltx)) (/Users/derekmeyer37/Library/TinyTeX/texmf-dist/tex/latex/hyperref/hyperref.sty (/Users/derekmeyer37/Library/TinyTeX/texmf-dist/tex/generic/ltxcmds/ltxcmds.sty) (/Users/derekmeyer37/Library/TinyTeX/texmf-dist/tex/generic/iftex/iftex.sty) (/Users/derekmeyer37/Library/TinyTeX/texmf-dist/tex/generic/pdftexcmds/pdftexcmds.sty (/Users/derekmeyer37/Library/TinyTeX/texmf-dist/tex/generic/infwarerr/infwarerr.sty)) (/Users/derekmeyer37/Library/TinyTeX/texmf-dist/tex/generic/kvsetkeys/kvsetkeys.sty) (/Users/derekmeyer37/Library/TinyTeX/texmf-dist/tex/generic/kvdefinekeys/kvdefinekeys.sty) (/Users/derekmeyer37/Library/TinyTeX/texmf-dist/tex/generic/pdfescape/pdfescape.sty) (/Users/derekmeyer37/Library/TinyTeX/texmf-dist/tex/latex/hycolor/hycolor.sty) (/Users/derekmeyer37/Library/TinyTeX/texmf-dist/tex/latex/letltxmacro/letltxmacro.sty) (/Users/derekmeyer37/Library/TinyTeX/texmf-dist/tex/latex/auxhook/auxhook.sty) (/Users/derekmeyer37/Library/TinyTeX/texmf-dist/tex/latex/hyperref/nameref.sty (/Users/derekmeyer37/Library/TinyTeX/texmf-dist/tex/latex/refcount/refcount.sty) (/Users/derekmeyer37/Library/TinyTeX/texmf-dist/tex/generic/gettitlestring/gettitlestring.sty (/Users/derekmeyer37/Library/TinyTeX/texmf-dist/tex/latex/kvoptions/kvoptions.sty))) (/Users/derekmeyer37/Library/TinyTeX/texmf-dist/tex/latex/hyperref/pd1enc.def) (/Users/derekmeyer37/Library/TinyTeX/texmf-dist/tex/generic/intcalc/intcalc.sty) (/Users/derekmeyer37/Library/TinyTeX/texmf-dist/tex/generic/etexcmds/etexcmds.sty) (/Users/derekmeyer37/Library/TinyTeX/texmf-dist/tex/latex/hyperref/puenc.def) (/Users/derekmeyer37/Library/TinyTeX/texmf-dist/tex/generic/bitset/bitset.sty (/Users/derekmeyer37/Library/TinyTeX/texmf-dist/tex/generic/bigintcalc/bigintcalc.sty)) (/Users/derekmeyer37/Library/TinyTeX/texmf-dist/tex/latex/base/atbegshi-ltx.sty)) (/Users/derekmeyer37/Library/TinyTeX/texmf-dist/tex/latex/hyperref/hpdftex.def (/Users/derekmeyer37/Library/TinyTeX/texmf-dist/tex/latex/base/atveryend-ltx.sty) (/Users/derekmeyer37/Library/TinyTeX/texmf-dist/tex/latex/rerunfilecheck/rerunfilecheck.sty (/Users/derekmeyer37/Library/TinyTeX/texmf-dist/tex/generic/uniquecounter/uniquecounter.sty)))

Package hyperref Warning: Option `hyperindex' has already been used,
(hyperref)                setting the option has no effect on input line 377.


Package hyperref Warning: Option `pagebackref' has already been used,
(hyperref)                setting the option has no effect on input line 377.

) (/Users/derekmeyer37/Library/TinyTeX/texmf-dist/tex/latex/base/makeidx.sty) (/Users/derekmeyer37/Library/TinyTeX/texmf-dist/tex/latex/base/inputenc.sty)
Writing index file Rd2.idx
(/Users/derekmeyer37/Library/TinyTeX/texmf-dist/tex/latex/psnfss/t1ptm.fd) (/Users/derekmeyer37/Library/TinyTeX/texmf-dist/tex/latex/l3backend/l3backend-pdftex.def) (/private/var/folders/ql/r1gpcg4n7h7ctc3b9vvsrvbc0000gn/T/RtmpEel4Ff/Rd2pdf12db55ade0331/Rd2.aux) (/private/var/folders/ql/r1gpcg4n7h7ctc3b9vvsrvbc0000gn/T/RtmpEel4Ff/Rd2pdf12db55ade0331/Rd2.out) (/private/var/folders/ql/r1gpcg4n7h7ctc3b9vvsrvbc0000gn/T/RtmpEel4Ff/Rd2pdf12db55ade0331/Rd2.out) (/Users/derekmeyer37/Library/TinyTeX/texmf-dist/tex/latex/inconsolata/t1zi4.fd) (/Users/derekmeyer37/Library/TinyTeX/texmf-dist/tex/latex/psnfss/t1phv.fd) (/private/var/folders/ql/r1gpcg4n7h7ctc3b9vvsrvbc0000gn/T/RtmpEel4Ff/Rd2pdf12db55ade0331/Rd2.toc) [1{/Users/derekmeyer37/Library/TinyTeX/texmf-var/fonts/map/pdftex/updmap/pdftex.map}] (/Users/derekmeyer37/Library/TinyTeX/texmf-dist/tex/latex/psnfss/ts1ptm.fd) [2] (/Users/derekmeyer37/Library/TinyTeX/texmf-dist/tex/latex/inconsolata/ts1zi4.fd) [3] [4]
Overfull \hbox (32.63026pt too wide) in paragraph at lines 269--276
[]\T1/ptm/m/n/10 Other Mod-els: [][]\T1/zi4/m/n/10 ModelSEIR[][][]()\T1/ptm/m/n/10 , [][]\T1/zi4/m/n/10 ModelSIRCONN[][][]()\T1/ptm/m/n/10 , [][]\T1/zi4/m/n/10 ModelSIR[][][]()\T1/ptm/m/n/10 , [][]\T1/zi4/m/n/10 ModelSIS[][][]()\T1/ptm/m/n/10 , [][]\T1/zi4/m/n/10 ModelSURV[][][]()\T1/ptm/m/n/10 , [][]\T1/zi4/m/n/10 epiworld-data[][][] 
[5]
Overfull \hbox (37.63026pt too wide) in paragraph at lines 382--389
[]\T1/ptm/m/n/10 Other Mod-els: [][]\T1/zi4/m/n/10 ModelSEIRCONN[][][]()\T1/ptm/m/n/10 , [][]\T1/zi4/m/n/10 ModelSEIR[][][]()\T1/ptm/m/n/10 , [][]\T1/zi4/m/n/10 ModelSIR[][][]()\T1/ptm/m/n/10 , [][]\T1/zi4/m/n/10 ModelSIS[][][]()\T1/ptm/m/n/10 , [][]\T1/zi4/m/n/10 ModelSURV[][][]()\T1/ptm/m/n/10 , [][]\T1/zi4/m/n/10 epiworld-data[][][] 
[6] [7] [8] (/private/var/folders/ql/r1gpcg4n7h7ctc3b9vvsrvbc0000gn/T/RtmpEel4Ff/Rd2pdf12db55ade0331/Rd2.ind [9]

LaTeX Font Warning: Font shape `T1/zi4/m/it' undefined
(Font)              using `T1/zi4/m/n' instead on input line 14.

[10]) (/private/var/folders/ql/r1gpcg4n7h7ctc3b9vvsrvbc0000gn/T/RtmpEel4Ff/Rd2pdf12db55ade0331/Rd2.aux)

LaTeX Font Warning: Some font shapes were not available, defaults substituted.

 )
(see the transcript file for additional information){/Users/derekmeyer37/Library/TinyTeX/texmf-dist/fonts/enc/dvips/inconsolata/i4-ts1.enc}{/Users/derekmeyer37/Library/TinyTeX/texmf-dist/fonts/enc/dvips/base/8r.enc}{/Users/derekmeyer37/Library/TinyTeX/texmf-dist/fonts/enc/dvips/inconsolata/i4-t1-0.enc}</Users/derekmeyer37/Library/TinyTeX/texmf-dist/fonts/type1/public/inconsolata/Inconsolata-zi4r.pfb></Users/derekmeyer37/Library/TinyTeX/texmf-dist/fonts/type1/public/amsfonts/cm/cmsy10.pfb></Users/derekmeyer37/Library/TinyTeX/texmf-dist/fonts/type1/urw/helvetic/uhvr8a.pfb></Users/derekmeyer37/Library/TinyTeX/texmf-dist/fonts/type1/urw/times/utmb8a.pfb></Users/derekmeyer37/Library/TinyTeX/texmf-dist/fonts/type1/urw/times/utmr8a.pfb></Users/derekmeyer37/Library/TinyTeX/texmf-dist/fonts/type1/urw/times/utmr8a.pfb></Users/derekmeyer37/Library/TinyTeX/texmf-dist/fonts/type1/urw/times/utmri8a.pfb>
Output written on Rd2.pdf (10 pages, 106139 bytes).
Transcript written on Rd2.log.
Saving output to ‘epiworldR-manual.pdf’ ...
Done
You may want to clean up by 'rm -Rf /var/folders/ql/r1gpcg4n7h7ctc3b9vvsrvbc0000gn/T//RtmpEel4Ff/Rd2pdf12db55ade0331'
